Z:\IGMPROFILE\GIT\XINPUTMAPPER\XINPUTMAPPER\DEBUG\MAIN.OBJ
Z:\IGMPROFILE\GIT\XINPUTMAPPER\XINPUTMAPPER\DEBUG\VC110.PDB
Z:\IGMPROFILE\GIT\XINPUTMAPPER\XINPUTMAPPER\DEBUG\MAPPER.OBJ
Z:\IGMPROFILE\GIT\XINPUTMAPPER\XINPUTMAPPER\DEBUG\ROBOT.OBJ
Z:\IGMPROFILE\GIT\XINPUTMAPPER\XINPUTMAPPER\DEBUG\XGAMEPAD.OBJ
Z:\IGMPROFILE\GIT\XINPUTMAPPER\XINPUTMAPPER\DEBUG\INPUT.OBJ
Z:\IGMPROFILE\GIT\XINPUTMAPPER\XINPUTMAPPER\DEBUG\INPUTMAP.OBJ
Z:\IGMPROFILE\GIT\XINPUTMAPPER\DEBUG\XINPUTMAPPER.ILK
Z:\IGMPROFILE\GIT\XINPUTMAPPER\DEBUG\XINPUTMAPPER.EXE
Z:\IGMPROFILE\GIT\XINPUTMAPPER\DEBUG\XINPUTMAPPER.PDB
Z:\IGMProfile\GIT\XInputMapper\XInputMapper\Debug\Robot.obj
Z:\IGMProfile\GIT\XInputMapper\XInputMapper\Debug\Mapper.obj
Z:\IGMProfile\GIT\XInputMapper\XInputMapper\Debug\Input.obj
Z:\IGMProfile\GIT\XInputMapper\XInputMapper\Debug\XGamepad.obj
Z:\IGMProfile\GIT\XInputMapper\XInputMapper\Debug\InputMap.obj
Z:\IGMProfile\GIT\XInputMapper\XInputMapper\Debug\main.obj
Z:\IGMProfile\GIT\XInputMapper\XInputMapper\Debug\link.4852-rc.read.1.tlog
Z:\IGMProfile\GIT\XInputMapper\XInputMapper\Debug\CL.write.1.tlog
Z:\IGMProfile\GIT\XInputMapper\XInputMapper\Debug\cl.command.1.tlog
Z:\IGMProfile\GIT\XInputMapper\XInputMapper\Debug\link-rc.read.1.tlog
Z:\IGMProfile\GIT\XInputMapper\XInputMapper\Debug\link-rc.write.1.tlog
Z:\IGMProfile\GIT\XInputMapper\XInputMapper\Debug\link-cvtres.read.1.tlog
Z:\IGMProfile\GIT\XInputMapper\XInputMapper\Debug\link-cvtres.write.1.tlog
Z:\IGMProfile\GIT\XInputMapper\XInputMapper\Debug\link.read.1.tlog
Z:\IGMProfile\GIT\XInputMapper\XInputMapper\Debug\link.write.1.tlog
Z:\IGMProfile\GIT\XInputMapper\XInputMapper\Debug\link.command.1.tlog
Z:\IGMProfile\GIT\XInputMapper\XInputMapper\Debug\link.4852-rc.write.1.tlog
Z:\IGMProfile\GIT\XInputMapper\XInputMapper\Debug\link.3888-rc.read.1.tlog
Z:\IGMProfile\GIT\XInputMapper\XInputMapper\Debug\link.3888-cvtres.write.1.tlog
Z:\IGMProfile\GIT\XInputMapper\XInputMapper\Debug\link.3888.write.1.tlog
Z:\IGMProfile\GIT\XInputMapper\XInputMapper\Debug\link.5548-rc.read.1.tlog
Z:\IGMProfile\GIT\XInputMapper\XInputMapper\Debug\link.5548-cvtres.write.1.tlog
Z:\IGMProfile\GIT\XInputMapper\XInputMapper\Debug\link.5548.write.1.tlog
Z:\IGMProfile\GIT\XInputMapper\XInputMapper\Debug\link.4852-cvtres.read.1.tlog
Z:\IGMProfile\GIT\XInputMapper\XInputMapper\Debug\link.6288-cvtres.write.1.tlog
Z:\IGMProfile\GIT\XInputMapper\XInputMapper\Debug\link.4852-cvtres.write.1.tlog
Z:\IGMProfile\GIT\XInputMapper\XInputMapper\Debug\link.6904-rc.write.1.tlog
Z:\IGMProfile\GIT\XInputMapper\XInputMapper\Debug\link.6384-rc.read.1.tlog
Z:\IGMProfile\GIT\XInputMapper\XInputMapper\Debug\link.6384-rc.write.1.tlog
Z:\IGMProfile\GIT\XInputMapper\XInputMapper\Debug\link.6384-cvtres.read.1.tlog
Z:\IGMProfile\GIT\XInputMapper\XInputMapper\Debug\link.6384-cvtres.write.1.tlog
Z:\IGMProfile\GIT\XInputMapper\XInputMapper\Debug\link.6384.read.1.tlog
Z:\IGMProfile\GIT\XInputMapper\XInputMapper\Debug\link.6384.write.1.tlog
Z:\IGMProfile\GIT\XInputMapper\XInputMapper\Debug\link.4748-rc.write.1.tlog
Z:\IGMProfile\GIT\XInputMapper\XInputMapper\Debug\link.4748-cvtres.read.1.tlog
Z:\IGMProfile\GIT\XInputMapper\XInputMapper\Debug\link.4748.read.1.tlog
Z:\IGMProfile\GIT\XInputMapper\XInputMapper\Debug\link.6904-cvtres.write.1.tlog
Z:\IGMProfile\GIT\XInputMapper\XInputMapper\Debug\link.4336-rc.write.1.tlog
Z:\IGMProfile\GIT\XInputMapper\XInputMapper\Debug\link.4336-cvtres.write.1.tlog
Z:\IGMProfile\GIT\XInputMapper\XInputMapper\Debug\link.4336.read.1.tlog
Z:\IGMProfile\GIT\XInputMapper\XInputMapper\Debug\link.3888-rc.write.1.tlog
Z:\IGMProfile\GIT\XInputMapper\XInputMapper\Debug\link.3888.read.1.tlog
Z:\IGMProfile\GIT\XInputMapper\XInputMapper\Debug\link.5548-rc.write.1.tlog
Z:\IGMProfile\GIT\XInputMapper\XInputMapper\Debug\link.5548.read.1.tlog
Z:\IGMProfile\GIT\XInputMapper\XInputMapper\Debug\link.6904.read.1.tlog
Z:\IGMProfile\GIT\XInputMapper\XInputMapper\Debug\link.6288-rc.write.1.tlog
Z:\IGMProfile\GIT\XInputMapper\XInputMapper\Debug\link.6288.write.1.tlog
Z:\IGMProfile\GIT\XInputMapper\XInputMapper\Debug\link.6904-cvtres.read.1.tlog
Z:\IGMProfile\GIT\XInputMapper\XInputMapper\Debug\link.4740-rc.read.1.tlog
Z:\IGMProfile\GIT\XInputMapper\XInputMapper\Debug\link.4740-rc.write.1.tlog
Z:\IGMProfile\GIT\XInputMapper\XInputMapper\Debug\link.4740-cvtres.read.1.tlog
Z:\IGMProfile\GIT\XInputMapper\XInputMapper\Debug\link.4740-cvtres.write.1.tlog
Z:\IGMProfile\GIT\XInputMapper\XInputMapper\Debug\link.4740.read.1.tlog
Z:\IGMProfile\GIT\XInputMapper\XInputMapper\Debug\link.4740.write.1.tlog
Z:\IGMProfile\GIT\XInputMapper\XInputMapper\Debug\link.6288-rc.read.1.tlog
Z:\IGMProfile\GIT\XInputMapper\XInputMapper\Debug\link.6288.read.1.tlog
Z:\IGMProfile\GIT\XInputMapper\XInputMapper\Debug\link.6904.write.1.tlog
Z:\IGMProfile\GIT\XInputMapper\XInputMapper\Debug\link.4244-rc.read.1.tlog
Z:\IGMProfile\GIT\XInputMapper\XInputMapper\Debug\link.4244-rc.write.1.tlog
Z:\IGMProfile\GIT\XInputMapper\XInputMapper\Debug\link.4244-cvtres.read.1.tlog
Z:\IGMProfile\GIT\XInputMapper\XInputMapper\Debug\link.4244-cvtres.write.1.tlog
Z:\IGMProfile\GIT\XInputMapper\XInputMapper\Debug\link.4244.read.1.tlog
Z:\IGMProfile\GIT\XInputMapper\XInputMapper\Debug\link.4244.write.1.tlog
Z:\IGMProfile\GIT\XInputMapper\XInputMapper\Debug\CL.read.1.tlog
Z:\IGMProfile\GIT\XInputMapper\XInputMapper\Debug\link.6904-rc.read.1.tlog
Z:\IGMProfile\GIT\XInputMapper\XInputMapper\Debug\link.4748-rc.read.1.tlog
Z:\IGMProfile\GIT\XInputMapper\XInputMapper\Debug\link.4748-cvtres.write.1.tlog
Z:\IGMProfile\GIT\XInputMapper\XInputMapper\Debug\link.4748.write.1.tlog
Z:\IGMProfile\GIT\XInputMapper\XInputMapper\Debug\link.4336-rc.read.1.tlog
Z:\IGMProfile\GIT\XInputMapper\XInputMapper\Debug\link.4336-cvtres.read.1.tlog
Z:\IGMProfile\GIT\XInputMapper\XInputMapper\Debug\link.4336.write.1.tlog
Z:\IGMProfile\GIT\XInputMapper\XInputMapper\Debug\link.3888-cvtres.read.1.tlog
Z:\IGMProfile\GIT\XInputMapper\XInputMapper\Debug\link.5548-cvtres.read.1.tlog
Z:\IGMProfile\GIT\XInputMapper\XInputMapper\Debug\link.6288-cvtres.read.1.tlog
Z:\IGMProfile\GIT\XInputMapper\XInputMapper\Debug\link.4852.read.1.tlog
Z:\IGMProfile\GIT\XInputMapper\XInputMapper\Debug\link.4852.write.1.tlog
Z:\IGMProfile\GIT\XInputMapper\XInputMapper\Debug\vc110.idb
Z:\IGMProfile\GIT\XInputMapper\XInputMapper\Debug\vc110.pdb
Z:\IGMProfile\GIT\XInputMapper\Debug\XInputMapper.pdb
Z:\IGMProfile\GIT\XInputMapper\Debug\XInputMapper.exe
Z:\IGMProfile\GIT\XInputMapper\Debug\XInputMapper.ilk
